{"/Users/remylynch/Development/vulf-system/src/components/Select/Select.tsx": {"path":"/Users/remylynch/Development/vulf-system/src/components/Select/Select.tsx","statementMap":{"0":{"start":{"line":27,"column":22},"end":{"line":304,"column":null}},"1":{"start":{"line":36,"column":26},"end":{"line":36,"column":null}},"2":{"start":{"line":37,"column":38},"end":{"line":37,"column":null}},"3":{"start":{"line":38,"column":8},"end":{"line":38,"column":null}},"4":{"start":{"line":39,"column":8},"end":{"line":39,"column":null}},"5":{"start":{"line":40,"column":8},"end":{"line":40,"column":null}},"6":{"start":{"line":41,"column":8},"end":{"line":41,"column":null}},"7":{"start":{"line":44,"column":8},"end":{"line":54,"column":null}},"8":{"start":{"line":45,"column":35},"end":{"line":45,"column":null}},"9":{"start":{"line":46,"column":4},"end":{"line":52,"column":null}},"10":{"start":{"line":47,"column":6},"end":{"line":51,"column":null}},"11":{"start":{"line":48,"column":8},"end":{"line":48,"column":null}},"12":{"start":{"line":50,"column":8},"end":{"line":50,"column":null}},"13":{"start":{"line":53,"column":4},"end":{"line":53,"column":null}},"14":{"start":{"line":57,"column":19},"end":{"line":57,"column":null}},"15":{"start":{"line":58,"column":20},"end":{"line":58,"column":null}},"16":{"start":{"line":59,"column":19},"end":{"line":59,"column":null}},"17":{"start":{"line":61,"column":2},"end":{"line":74,"column":null}},"18":{"start":{"line":63,"column":6},"end":{"line":69,"column":null}},"19":{"start":{"line":67,"column":8},"end":{"line":67,"column":null}},"20":{"start":{"line":68,"column":8},"end":{"line":68,"column":null}},"21":{"start":{"line":72,"column":4},"end":{"line":72,"column":null}},"22":{"start":{"line":73,"column":4},"end":{"line":73,"column":null}},"23":{"start":{"line":73,"column":17},"end":{"line":73,"column":null}},"24":{"start":{"line":77,"column":2},"end":{"line":84,"column":null}},"25":{"start":{"line":78,"column":4},"end":{"line":83,"column":null}},"26":{"start":{"line":79,"column":6},"end":{"line":82,"column":null}},"27":{"start":{"line":86,"column":8},"end":{"line":94,"column":null}},"28":{"start":{"line":88,"column":6},"end":{"line":88,"column":null}},"29":{"start":{"line":89,"column":6},"end":{"line":89,"column":null}},"30":{"start":{"line":90,"column":6},"end":{"line":90,"column":null}},"31":{"start":{"line":91,"column":6},"end":{"line":91,"column":null}},"32":{"start":{"line":96,"column":8},"end":{"line":187,"column":null}},"33":{"start":{"line":98,"column":6},"end":{"line":184,"column":null}},"34":{"start":{"line":101,"column":10},"end":{"line":101,"column":null}},"35":{"start":{"line":102,"column":10},"end":{"line":111,"column":null}},"36":{"start":{"line":103,"column":12},"end":{"line":103,"column":null}},"37":{"start":{"line":105,"column":34},"end":{"line":107,"column":null}},"38":{"start":{"line":106,"column":23},"end":{"line":106,"column":null}},"39":{"start":{"line":108,"column":12},"end":{"line":108,"column":null}},"40":{"start":{"line":109,"column":10},"end":{"line":111,"column":null}},"41":{"start":{"line":110,"column":12},"end":{"line":110,"column":null}},"42":{"start":{"line":112,"column":10},"end":{"line":112,"column":null}},"43":{"start":{"line":114,"column":10},"end":{"line":114,"column":null}},"44":{"start":{"line":115,"column":10},"end":{"line":115,"column":null}},"45":{"start":{"line":116,"column":10},"end":{"line":116,"column":null}},"46":{"start":{"line":117,"column":10},"end":{"line":117,"column":null}},"47":{"start":{"line":118,"column":10},"end":{"line":118,"column":null}},"48":{"start":{"line":120,"column":10},"end":{"line":120,"column":null}},"49":{"start":{"line":121,"column":10},"end":{"line":131,"column":null}},"50":{"start":{"line":122,"column":12},"end":{"line":122,"column":null}},"51":{"start":{"line":123,"column":34},"end":{"line":125,"column":null}},"52":{"start":{"line":124,"column":23},"end":{"line":124,"column":null}},"53":{"start":{"line":126,"column":12},"end":{"line":126,"column":null}},"54":{"start":{"line":128,"column":12},"end":{"line":130,"column":null}},"55":{"start":{"line":129,"column":14},"end":{"line":129,"column":null}},"56":{"start":{"line":132,"column":10},"end":{"line":132,"column":null}},"57":{"start":{"line":134,"column":10},"end":{"line":134,"column":null}},"58":{"start":{"line":135,"column":10},"end":{"line":145,"column":null}},"59":{"start":{"line":136,"column":12},"end":{"line":136,"column":null}},"60":{"start":{"line":137,"column":34},"end":{"line":139,"column":null}},"61":{"start":{"line":138,"column":23},"end":{"line":138,"column":null}},"62":{"start":{"line":140,"column":12},"end":{"line":142,"column":null}},"63":{"start":{"line":144,"column":12},"end":{"line":144,"column":null}},"64":{"start":{"line":144,"column":39},"end":{"line":144,"column":66}},"65":{"start":{"line":146,"column":10},"end":{"line":146,"column":null}},"66":{"start":{"line":148,"column":10},"end":{"line":151,"column":null}},"67":{"start":{"line":149,"column":12},"end":{"line":149,"column":null}},"68":{"start":{"line":150,"column":12},"end":{"line":150,"column":null}},"69":{"start":{"line":152,"column":10},"end":{"line":152,"column":null}},"70":{"start":{"line":154,"column":10},"end":{"line":157,"column":null}},"71":{"start":{"line":155,"column":12},"end":{"line":155,"column":null}},"72":{"start":{"line":156,"column":12},"end":{"line":156,"column":null}},"73":{"start":{"line":158,"column":10},"end":{"line":158,"column":null}},"74":{"start":{"line":161,"column":10},"end":{"line":182,"column":null}},"75":{"start":{"line":162,"column":25},"end":{"line":162,"column":null}},"76":{"start":{"line":163,"column":33},"end":{"line":163,"column":null}},"77":{"start":{"line":166,"column":28},"end":{"line":170,"column":null}},"78":{"start":{"line":168,"column":16},"end":{"line":169,"column":null}},"79":{"start":{"line":173,"column":12},"end":{"line":177,"column":null}},"80":{"start":{"line":174,"column":14},"end":{"line":176,"column":null}},"81":{"start":{"line":175,"column":16},"end":{"line":175,"column":null}},"82":{"start":{"line":179,"column":12},"end":{"line":181,"column":null}},"83":{"start":{"line":180,"column":14},"end":{"line":180,"column":null}},"84":{"start":{"line":183,"column":10},"end":{"line":183,"column":null}},"85":{"start":{"line":189,"column":8},"end":{"line":199,"column":null}},"86":{"start":{"line":190,"column":4},"end":{"line":198,"column":null}},"87":{"start":{"line":191,"column":6},"end":{"line":191,"column":null}},"88":{"start":{"line":193,"column":28},"end":{"line":193,"column":null}},"89":{"start":{"line":193,"column":59},"end":{"line":193,"column":78}},"90":{"start":{"line":194,"column":6},"end":{"line":194,"column":null}},"91":{"start":{"line":196,"column":6},"end":{"line":196,"column":null}},"92":{"start":{"line":197,"column":6},"end":{"line":197,"column":null}},"93":{"start":{"line":201,"column":25},"end":{"line":201,"column":null}},"94":{"start":{"line":201,"column":51},"end":{"line":201,"column":70}},"95":{"start":{"line":203,"column":20},"end":{"line":203,"column":null}},"96":{"start":{"line":205,"column":2},"end":{"line":302,"column":null}},"97":{"start":{"line":236,"column":12},"end":{"line":298,"column":null}},"98":{"start":{"line":237,"column":14},"end":{"line":271,"column":null}},"99":{"start":{"line":247,"column":41},"end":{"line":247,"column":null}},"100":{"start":{"line":248,"column":38},"end":{"line":248,"column":null}},"101":{"start":{"line":249,"column":39},"end":{"line":249,"column":null}},"102":{"start":{"line":251,"column":20},"end":{"line":268,"column":null}},"103":{"start":{"line":255,"column":26},"end":{"line":255,"column":null}},"104":{"start":{"line":257,"column":39},"end":{"line":257,"column":null}},"105":{"start":{"line":274,"column":26},"end":{"line":274,"column":null}},"106":{"start":{"line":275,"column":35},"end":{"line":275,"column":null}},"107":{"start":{"line":276,"column":32},"end":{"line":276,"column":null}},"108":{"start":{"line":277,"column":33},"end":{"line":277,"column":null}},"109":{"start":{"line":279,"column":14},"end":{"line":296,"column":null}},"110":{"start":{"line":283,"column":20},"end":{"line":283,"column":null}},"111":{"start":{"line":285,"column":33},"end":{"line":285,"column":null}}},"fnMap":{"0":{"name":"(anonymous_0)","decl":{"start":{"line":27,"column":22},"end":{"line":27,"column":23}},"loc":{"start":{"line":35,"column":25},"end":{"line":304,"column":null}},"line":35},"1":{"name":"(anonymous_1)","decl":{"start":{"line":44,"column":30},"end":{"line":44,"column":36}},"loc":{"start":{"line":44,"column":36},"end":{"line":54,"column":5}},"line":44},"2":{"name":"(anonymous_2)","decl":{"start":{"line":46,"column":20},"end":{"line":46,"column":21}},"loc":{"start":{"line":46,"column":32},"end":{"line":52,"column":5}},"line":46},"3":{"name":"(anonymous_3)","decl":{"start":{"line":61,"column":12},"end":{"line":61,"column":18}},"loc":{"start":{"line":61,"column":18},"end":{"line":74,"column":5}},"line":61},"4":{"name":"handleClickOutside","decl":{"start":{"line":62,"column":13},"end":{"line":62,"column":32}},"loc":{"start":{"line":62,"column":51},"end":{"line":70,"column":null}},"line":62},"5":{"name":"(anonymous_5)","decl":{"start":{"line":73,"column":11},"end":{"line":73,"column":17}},"loc":{"start":{"line":73,"column":17},"end":{"line":73,"column":null}},"line":73},"6":{"name":"(anonymous_6)","decl":{"start":{"line":77,"column":12},"end":{"line":77,"column":18}},"loc":{"start":{"line":77,"column":18},"end":{"line":84,"column":5}},"line":77},"7":{"name":"(anonymous_7)","decl":{"start":{"line":87,"column":4},"end":{"line":87,"column":5}},"loc":{"start":{"line":87,"column":30},"end":{"line":92,"column":null}},"line":87},"8":{"name":"(anonymous_8)","decl":{"start":{"line":97,"column":4},"end":{"line":97,"column":5}},"loc":{"start":{"line":97,"column":36},"end":{"line":185,"column":null}},"line":97},"9":{"name":"(anonymous_9)","decl":{"start":{"line":106,"column":14},"end":{"line":106,"column":15}},"loc":{"start":{"line":106,"column":23},"end":{"line":106,"column":null}},"line":106},"10":{"name":"(anonymous_10)","decl":{"start":{"line":124,"column":14},"end":{"line":124,"column":15}},"loc":{"start":{"line":124,"column":23},"end":{"line":124,"column":null}},"line":124},"11":{"name":"(anonymous_11)","decl":{"start":{"line":128,"column":28},"end":{"line":128,"column":29}},"loc":{"start":{"line":129,"column":14},"end":{"line":129,"column":null}},"line":129},"12":{"name":"(anonymous_12)","decl":{"start":{"line":138,"column":14},"end":{"line":138,"column":15}},"loc":{"start":{"line":138,"column":23},"end":{"line":138,"column":null}},"line":138},"13":{"name":"(anonymous_13)","decl":{"start":{"line":144,"column":28},"end":{"line":144,"column":29}},"loc":{"start":{"line":144,"column":39},"end":{"line":144,"column":66}},"line":144},"14":{"name":"(anonymous_14)","decl":{"start":{"line":167,"column":14},"end":{"line":167,"column":15}},"loc":{"start":{"line":168,"column":16},"end":{"line":169,"column":null}},"line":168},"15":{"name":"(anonymous_15)","decl":{"start":{"line":174,"column":48},"end":{"line":174,"column":49}},"loc":{"start":{"line":175,"column":16},"end":{"line":175,"column":null}},"line":175},"16":{"name":"(anonymous_16)","decl":{"start":{"line":189,"column":40},"end":{"line":189,"column":46}},"loc":{"start":{"line":189,"column":46},"end":{"line":199,"column":5}},"line":189},"17":{"name":"(anonymous_17)","decl":{"start":{"line":193,"column":50},"end":{"line":193,"column":51}},"loc":{"start":{"line":193,"column":59},"end":{"line":193,"column":78}},"line":193},"18":{"name":"(anonymous_18)","decl":{"start":{"line":201,"column":42},"end":{"line":201,"column":43}},"loc":{"start":{"line":201,"column":51},"end":{"line":201,"column":70}},"line":201},"19":{"name":"(anonymous_19)","decl":{"start":{"line":235,"column":23},"end":{"line":235,"column":24}},"loc":{"start":{"line":235,"column":35},"end":{"line":299,"column":11}},"line":235},"20":{"name":"(anonymous_20)","decl":{"start":{"line":246,"column":36},"end":{"line":246,"column":37}},"loc":{"start":{"line":246,"column":46},"end":{"line":270,"column":19}},"line":246},"21":{"name":"(anonymous_21)","decl":{"start":{"line":254,"column":29},"end":{"line":254,"column":30}},"loc":{"start":{"line":254,"column":37},"end":{"line":256,"column":null}},"line":254},"22":{"name":"(anonymous_22)","decl":{"start":{"line":257,"column":33},"end":{"line":257,"column":39}},"loc":{"start":{"line":257,"column":39},"end":{"line":257,"column":null}},"line":257},"23":{"name":"(anonymous_23)","decl":{"start":{"line":282,"column":23},"end":{"line":282,"column":24}},"loc":{"start":{"line":282,"column":31},"end":{"line":284,"column":null}},"line":282},"24":{"name":"(anonymous_24)","decl":{"start":{"line":285,"column":27},"end":{"line":285,"column":33}},"loc":{"start":{"line":285,"column":33},"end":{"line":285,"column":null}},"line":285}},"branchMap":{"0":{"loc":{"start":{"line":31,"column":2},"end":{"line":31,"column":null}},"type":"default-arg","locations":[{"start":{"line":31,"column":16},"end":{"line":31,"column":null}}],"line":31},"1":{"loc":{"start":{"line":47,"column":6},"end":{"line":51,"column":null}},"type":"if","locations":[{"start":{"line":47,"column":6},"end":{"line":51,"column":null}},{"start":{"line":49,"column":13},"end":{"line":51,"column":null}}],"line":47},"2":{"loc":{"start":{"line":47,"column":10},"end":{"line":47,"column":49}},"type":"binary-expr","locations":[{"start":{"line":47,"column":10},"end":{"line":47,"column":33}},{"start":{"line":47,"column":33},"end":{"line":47,"column":49}}],"line":47},"3":{"loc":{"start":{"line":57,"column":19},"end":{"line":57,"column":null}},"type":"binary-expr","locations":[{"start":{"line":57,"column":19},"end":{"line":57,"column":25}},{"start":{"line":57,"column":25},"end":{"line":57,"column":null}}],"line":57},"4":{"loc":{"start":{"line":63,"column":6},"end":{"line":69,"column":null}},"type":"if","locations":[{"start":{"line":63,"column":6},"end":{"line":69,"column":null}},{"start":{},"end":{}}],"line":63},"5":{"loc":{"start":{"line":64,"column":8},"end":{"line":65,"column":null}},"type":"binary-expr","locations":[{"start":{"line":64,"column":8},"end":{"line":64,"column":null}},{"start":{"line":65,"column":8},"end":{"line":65,"column":null}}],"line":64},"6":{"loc":{"start":{"line":78,"column":4},"end":{"line":83,"column":null}},"type":"if","locations":[{"start":{"line":78,"column":4},"end":{"line":83,"column":null}},{"start":{},"end":{}}],"line":78},"7":{"loc":{"start":{"line":78,"column":8},"end":{"line":78,"column":73}},"type":"binary-expr","locations":[{"start":{"line":78,"column":8},"end":{"line":78,"column":18}},{"start":{"line":78,"column":18},"end":{"line":78,"column":39}},{"start":{"line":78,"column":39},"end":{"line":78,"column":73}}],"line":78},"8":{"loc":{"start":{"line":98,"column":6},"end":{"line":184,"column":null}},"type":"switch","locations":[{"start":{"line":99,"column":8},"end":{"line":99,"column":null}},{"start":{"line":100,"column":8},"end":{"line":112,"column":null}},{"start":{"line":113,"column":8},"end":{"line":118,"column":null}},{"start":{"line":119,"column":8},"end":{"line":132,"column":null}},{"start":{"line":133,"column":8},"end":{"line":146,"column":null}},{"start":{"line":147,"column":8},"end":{"line":152,"column":null}},{"start":{"line":153,"column":8},"end":{"line":158,"column":null}},{"start":{"line":159,"column":8},"end":{"line":183,"column":null}}],"line":98},"9":{"loc":{"start":{"line":102,"column":10},"end":{"line":111,"column":null}},"type":"if","locations":[{"start":{"line":102,"column":10},"end":{"line":111,"column":null}},{"start":{"line":109,"column":10},"end":{"line":111,"column":null}}],"line":102},"10":{"loc":{"start":{"line":108,"column":28},"end":{"line":108,"column":66}},"type":"cond-expr","locations":[{"start":{"line":108,"column":49},"end":{"line":108,"column":65}},{"start":{"line":108,"column":65},"end":{"line":108,"column":66}}],"line":108},"11":{"loc":{"start":{"line":109,"column":10},"end":{"line":111,"column":null}},"type":"if","locations":[{"start":{"line":109,"column":10},"end":{"line":111,"column":null}},{"start":{},"end":{}}],"line":109},"12":{"loc":{"start":{"line":121,"column":10},"end":{"line":131,"column":null}},"type":"if","locations":[{"start":{"line":121,"column":10},"end":{"line":131,"column":null}},{"start":{"line":127,"column":17},"end":{"line":131,"column":null}}],"line":121},"13":{"loc":{"start":{"line":126,"column":28},"end":{"line":126,"column":66}},"type":"cond-expr","locations":[{"start":{"line":126,"column":49},"end":{"line":126,"column":65}},{"start":{"line":126,"column":65},"end":{"line":126,"column":66}}],"line":126},"14":{"loc":{"start":{"line":129,"column":14},"end":{"line":129,"column":null}},"type":"cond-expr","locations":[{"start":{"line":129,"column":46},"end":{"line":129,"column":57}},{"start":{"line":129,"column":57},"end":{"line":129,"column":null}}],"line":129},"15":{"loc":{"start":{"line":135,"column":10},"end":{"line":145,"column":null}},"type":"if","locations":[{"start":{"line":135,"column":10},"end":{"line":145,"column":null}},{"start":{"line":143,"column":17},"end":{"line":145,"column":null}}],"line":135},"16":{"loc":{"start":{"line":141,"column":14},"end":{"line":141,"column":null}},"type":"cond-expr","locations":[{"start":{"line":141,"column":35},"end":{"line":141,"column":51}},{"start":{"line":141,"column":51},"end":{"line":141,"column":null}}],"line":141},"17":{"loc":{"start":{"line":144,"column":39},"end":{"line":144,"column":66}},"type":"cond-expr","locations":[{"start":{"line":144,"column":50},"end":{"line":144,"column":61}},{"start":{"line":144,"column":61},"end":{"line":144,"column":66}}],"line":144},"18":{"loc":{"start":{"line":148,"column":10},"end":{"line":151,"column":null}},"type":"if","locations":[{"start":{"line":148,"column":10},"end":{"line":151,"column":null}},{"start":{},"end":{}}],"line":148},"19":{"loc":{"start":{"line":154,"column":10},"end":{"line":157,"column":null}},"type":"if","locations":[{"start":{"line":154,"column":10},"end":{"line":157,"column":null}},{"start":{},"end":{}}],"line":154},"20":{"loc":{"start":{"line":161,"column":10},"end":{"line":182,"column":null}},"type":"if","locations":[{"start":{"line":161,"column":10},"end":{"line":182,"column":null}},{"start":{},"end":{}}],"line":161},"21":{"loc":{"start":{"line":161,"column":14},"end":{"line":161,"column":48}},"type":"binary-expr","locations":[{"start":{"line":161,"column":14},"end":{"line":161,"column":24}},{"start":{"line":161,"column":24},"end":{"line":161,"column":48}}],"line":161},"22":{"loc":{"start":{"line":163,"column":33},"end":{"line":163,"column":null}},"type":"cond-expr","locations":[{"start":{"line":163,"column":53},"end":{"line":163,"column":68}},{"start":{"line":163,"column":68},"end":{"line":163,"column":null}}],"line":163},"23":{"loc":{"start":{"line":168,"column":16},"end":{"line":169,"column":null}},"type":"binary-expr","locations":[{"start":{"line":168,"column":16},"end":{"line":168,"column":null}},{"start":{"line":169,"column":16},"end":{"line":169,"column":null}}],"line":168},"24":{"loc":{"start":{"line":173,"column":12},"end":{"line":177,"column":null}},"type":"if","locations":[{"start":{"line":173,"column":12},"end":{"line":177,"column":null}},{"start":{},"end":{}}],"line":173},"25":{"loc":{"start":{"line":179,"column":12},"end":{"line":181,"column":null}},"type":"if","locations":[{"start":{"line":179,"column":12},"end":{"line":181,"column":null}},{"start":{},"end":{}}],"line":179},"26":{"loc":{"start":{"line":190,"column":4},"end":{"line":198,"column":null}},"type":"if","locations":[{"start":{"line":190,"column":4},"end":{"line":198,"column":null}},{"start":{"line":195,"column":11},"end":{"line":198,"column":null}}],"line":190},"27":{"loc":{"start":{"line":194,"column":22},"end":{"line":194,"column":60}},"type":"cond-expr","locations":[{"start":{"line":194,"column":43},"end":{"line":194,"column":59}},{"start":{"line":194,"column":59},"end":{"line":194,"column":60}}],"line":194},"28":{"loc":{"start":{"line":215,"column":23},"end":{"line":215,"column":null}},"type":"cond-expr","locations":[{"start":{"line":215,"column":32},"end":{"line":215,"column":44}},{"start":{"line":215,"column":44},"end":{"line":215,"column":null}}],"line":215},"29":{"loc":{"start":{"line":221,"column":11},"end":{"line":221,"column":null}},"type":"cond-expr","locations":[{"start":{"line":221,"column":28},"end":{"line":221,"column":51}},{"start":{"line":221,"column":51},"end":{"line":221,"column":null}}],"line":221},"30":{"loc":{"start":{"line":223,"column":34},"end":{"line":223,"column":53}},"type":"cond-expr","locations":[{"start":{"line":223,"column":43},"end":{"line":223,"column":49}},{"start":{"line":223,"column":49},"end":{"line":223,"column":53}}],"line":223},"31":{"loc":{"start":{"line":226,"column":7},"end":{"line":300,"column":null}},"type":"binary-expr","locations":[{"start":{"line":226,"column":7},"end":{"line":226,"column":null}},{"start":{"line":227,"column":8},"end":{"line":300,"column":null}}],"line":226},"32":{"loc":{"start":{"line":236,"column":12},"end":{"line":298,"column":null}},"type":"if","locations":[{"start":{"line":236,"column":12},"end":{"line":298,"column":null}},{"start":{"line":273,"column":19},"end":{"line":298,"column":null}}],"line":236},"33":{"loc":{"start":{"line":236,"column":16},"end":{"line":236,"column":55}},"type":"binary-expr","locations":[{"start":{"line":236,"column":16},"end":{"line":236,"column":39}},{"start":{"line":236,"column":39},"end":{"line":236,"column":55}}],"line":236},"34":{"loc":{"start":{"line":259,"column":26},"end":{"line":259,"column":null}},"type":"cond-expr","locations":[{"start":{"line":259,"column":39},"end":{"line":259,"column":57}},{"start":{"line":259,"column":57},"end":{"line":259,"column":null}}],"line":259},"35":{"loc":{"start":{"line":260,"column":28},"end":{"line":260,"column":59}},"type":"cond-expr","locations":[{"start":{"line":260,"column":40},"end":{"line":260,"column":57}},{"start":{"line":260,"column":57},"end":{"line":260,"column":59}}],"line":260},"36":{"loc":{"start":{"line":287,"column":20},"end":{"line":287,"column":null}},"type":"cond-expr","locations":[{"start":{"line":287,"column":33},"end":{"line":287,"column":51}},{"start":{"line":287,"column":51},"end":{"line":287,"column":null}}],"line":287},"37":{"loc":{"start":{"line":288,"column":22},"end":{"line":288,"column":53}},"type":"cond-expr","locations":[{"start":{"line":288,"column":34},"end":{"line":288,"column":51}},{"start":{"line":288,"column":51},"end":{"line":288,"column":53}}],"line":288}},"s":{"0":1,"1":106,"2":106,"3":106,"4":106,"5":106,"6":106,"7":106,"8":104,"9":104,"10":260,"11":52,"12":208,"13":104,"14":106,"15":106,"16":106,"17":106,"18":16,"19":12,"20":12,"21":48,"22":48,"23":48,"24":106,"25":52,"26":2,"27":106,"28":2,"29":2,"30":2,"31":2,"32":106,"33":0,"34":0,"35":0,"36":0,"37":0,"38":0,"39":0,"40":0,"41":0,"42":0,"43":0,"44":0,"45":0,"46":0,"47":0,"48":0,"49":0,"50":0,"51":0,"52":0,"53":0,"54":0,"55":0,"56":0,"57":0,"58":0,"59":0,"60":0,"61":0,"62":0,"63":0,"64":0,"65":0,"66":0,"67":0,"68":0,"69":0,"70":0,"71":0,"72":0,"73":0,"74":0,"75":0,"76":0,"77":0,"78":0,"79":0,"80":0,"81":0,"82":0,"83":0,"84":0,"85":106,"86":2,"87":2,"88":2,"89":3,"90":2,"91":0,"92":0,"93":106,"94":163,"95":106,"96":106,"97":5,"98":1,"99":2,"100":2,"101":2,"102":2,"103":4,"104":1,"105":4,"106":4,"107":4,"108":4,"109":4,"110":8,"111":1},"f":{"0":106,"1":104,"2":260,"3":48,"4":16,"5":48,"6":52,"7":2,"8":0,"9":0,"10":0,"11":0,"12":0,"13":0,"14":0,"15":0,"16":2,"17":3,"18":163,"19":5,"20":2,"21":4,"22":1,"23":8,"24":1},"b":{"0":[106],"1":[52,208],"2":[260,52],"3":[106,106],"4":[12,4],"5":[16,16],"6":[2,50],"7":[52,2,2],"8":[0,0,0,0,0,0,0,0],"9":[0,0],"10":[0,0],"11":[0,0],"12":[0,0],"13":[0,0],"14":[0,0],"15":[0,0],"16":[0,0],"17":[0,0],"18":[0,0],"19":[0,0],"20":[0,0],"21":[0,0],"22":[0,0],"23":[0,0],"24":[0,0],"25":[0,0],"26":[2,0],"27":[2,0],"28":[2,104],"29":[106,0],"30":[2,104],"31":[106,2],"32":[1,4],"33":[5,1],"34":[0,2],"35":[0,2],"36":[2,2],"37":[2,2]},"meta":{"lastBranch":38,"lastFunction":25,"lastStatement":112,"seen":{"s:27:22:304:Infinity":0,"f:27:22:27:23":0,"b:31:16:31:Infinity":0,"s:36:26:36:Infinity":1,"s:37:38:37:Infinity":2,"s:38:8:38:Infinity":3,"s:39:8:39:Infinity":4,"s:40:8:40:Infinity":5,"s:41:8:41:Infinity":6,"s:44:8:54:Infinity":7,"f:44:30:44:36":1,"s:45:35:45:Infinity":8,"s:46:4:52:Infinity":9,"f:46:20:46:21":2,"b:47:6:51:Infinity:49:13:51:Infinity":1,"s:47:6:51:Infinity":10,"b:47:10:47:33:47:33:47:49":2,"s:48:8:48:Infinity":11,"s:50:8:50:Infinity":12,"s:53:4:53:Infinity":13,"s:57:19:57:Infinity":14,"b:57:19:57:25:57:25:57:Infinity":3,"s:58:20:58:Infinity":15,"s:59:19:59:Infinity":16,"s:61:2:74:Infinity":17,"f:61:12:61:18":3,"f:62:13:62:32":4,"b:63:6:69:Infinity:undefined:undefined:undefined:undefined":4,"s:63:6:69:Infinity":18,"b:64:8:64:Infinity:65:8:65:Infinity":5,"s:67:8:67:Infinity":19,"s:68:8:68:Infinity":20,"s:72:4:72:Infinity":21,"s:73:4:73:Infinity":22,"f:73:11:73:17":5,"s:73:17:73:Infinity":23,"s:77:2:84:Infinity":24,"f:77:12:77:18":6,"b:78:4:83:Infinity:undefined:undefined:undefined:undefined":6,"s:78:4:83:Infinity":25,"b:78:8:78:18:78:18:78:39:78:39:78:73":7,"s:79:6:82:Infinity":26,"s:86:8:94:Infinity":27,"f:87:4:87:5":7,"s:88:6:88:Infinity":28,"s:89:6:89:Infinity":29,"s:90:6:90:Infinity":30,"s:91:6:91:Infinity":31,"s:96:8:187:Infinity":32,"f:97:4:97:5":8,"b:99:8:99:Infinity:100:8:112:Infinity:113:8:118:Infinity:119:8:132:Infinity:133:8:146:Infinity:147:8:152:Infinity:153:8:158:Infinity:159:8:183:Infinity":8,"s:98:6:184:Infinity":33,"s:101:10:101:Infinity":34,"b:102:10:111:Infinity:109:10:111:Infinity":9,"s:102:10:111:Infinity":35,"s:103:12:103:Infinity":36,"s:105:34:107:Infinity":37,"f:106:14:106:15":9,"s:106:23:106:Infinity":38,"s:108:12:108:Infinity":39,"b:108:49:108:65:108:65:108:66":10,"b:109:10:111:Infinity:undefined:undefined:undefined:undefined":11,"s:109:10:111:Infinity":40,"s:110:12:110:Infinity":41,"s:112:10:112:Infinity":42,"s:114:10:114:Infinity":43,"s:115:10:115:Infinity":44,"s:116:10:116:Infinity":45,"s:117:10:117:Infinity":46,"s:118:10:118:Infinity":47,"s:120:10:120:Infinity":48,"b:121:10:131:Infinity:127:17:131:Infinity":12,"s:121:10:131:Infinity":49,"s:122:12:122:Infinity":50,"s:123:34:125:Infinity":51,"f:124:14:124:15":10,"s:124:23:124:Infinity":52,"s:126:12:126:Infinity":53,"b:126:49:126:65:126:65:126:66":13,"s:128:12:130:Infinity":54,"f:128:28:128:29":11,"s:129:14:129:Infinity":55,"b:129:46:129:57:129:57:129:Infinity":14,"s:132:10:132:Infinity":56,"s:134:10:134:Infinity":57,"b:135:10:145:Infinity:143:17:145:Infinity":15,"s:135:10:145:Infinity":58,"s:136:12:136:Infinity":59,"s:137:34:139:Infinity":60,"f:138:14:138:15":12,"s:138:23:138:Infinity":61,"s:140:12:142:Infinity":62,"b:141:35:141:51:141:51:141:Infinity":16,"s:144:12:144:Infinity":63,"f:144:28:144:29":13,"s:144:39:144:66":64,"b:144:50:144:61:144:61:144:66":17,"s:146:10:146:Infinity":65,"b:148:10:151:Infinity:undefined:undefined:undefined:undefined":18,"s:148:10:151:Infinity":66,"s:149:12:149:Infinity":67,"s:150:12:150:Infinity":68,"s:152:10:152:Infinity":69,"b:154:10:157:Infinity:undefined:undefined:undefined:undefined":19,"s:154:10:157:Infinity":70,"s:155:12:155:Infinity":71,"s:156:12:156:Infinity":72,"s:158:10:158:Infinity":73,"b:161:10:182:Infinity:undefined:undefined:undefined:undefined":20,"s:161:10:182:Infinity":74,"b:161:14:161:24:161:24:161:48":21,"s:162:25:162:Infinity":75,"s:163:33:163:Infinity":76,"b:163:53:163:68:163:68:163:Infinity":22,"s:166:28:170:Infinity":77,"f:167:14:167:15":14,"s:168:16:169:Infinity":78,"b:168:16:168:Infinity:169:16:169:Infinity":23,"b:173:12:177:Infinity:undefined:undefined:undefined:undefined":24,"s:173:12:177:Infinity":79,"s:174:14:176:Infinity":80,"f:174:48:174:49":15,"s:175:16:175:Infinity":81,"b:179:12:181:Infinity:undefined:undefined:undefined:undefined":25,"s:179:12:181:Infinity":82,"s:180:14:180:Infinity":83,"s:183:10:183:Infinity":84,"s:189:8:199:Infinity":85,"f:189:40:189:46":16,"b:190:4:198:Infinity:195:11:198:Infinity":26,"s:190:4:198:Infinity":86,"s:191:6:191:Infinity":87,"s:193:28:193:Infinity":88,"f:193:50:193:51":17,"s:193:59:193:78":89,"s:194:6:194:Infinity":90,"b:194:43:194:59:194:59:194:60":27,"s:196:6:196:Infinity":91,"s:197:6:197:Infinity":92,"s:201:25:201:Infinity":93,"f:201:42:201:43":18,"s:201:51:201:70":94,"s:203:20:203:Infinity":95,"s:205:2:302:Infinity":96,"b:215:32:215:44:215:44:215:Infinity":28,"b:221:28:221:51:221:51:221:Infinity":29,"b:223:43:223:49:223:49:223:53":30,"b:226:7:226:Infinity:227:8:300:Infinity":31,"f:235:23:235:24":19,"b:236:12:298:Infinity:273:19:298:Infinity":32,"s:236:12:298:Infinity":97,"b:236:16:236:39:236:39:236:55":33,"s:237:14:271:Infinity":98,"f:246:36:246:37":20,"s:247:41:247:Infinity":99,"s:248:38:248:Infinity":100,"s:249:39:249:Infinity":101,"s:251:20:268:Infinity":102,"f:254:29:254:30":21,"s:255:26:255:Infinity":103,"f:257:33:257:39":22,"s:257:39:257:Infinity":104,"b:259:39:259:57:259:57:259:Infinity":34,"b:260:40:260:57:260:57:260:59":35,"s:274:26:274:Infinity":105,"s:275:35:275:Infinity":106,"s:276:32:276:Infinity":107,"s:277:33:277:Infinity":108,"s:279:14:296:Infinity":109,"f:282:23:282:24":23,"s:283:20:283:Infinity":110,"f:285:27:285:33":24,"s:285:33:285:Infinity":111,"b:287:33:287:51:287:51:287:Infinity":36,"b:288:34:288:51:288:51:288:53":37}}}
,"/Users/remylynch/Development/vulf-system/src/hooks/useTextWidth.tsx": {"path":"/Users/remylynch/Development/vulf-system/src/hooks/useTextWidth.tsx","statementMap":{"0":{"start":{"line":14,"column":28},"end":{"line":52,"column":null}},"1":{"start":{"line":15,"column":32},"end":{"line":15,"column":null}},"2":{"start":{"line":16,"column":8},"end":{"line":16,"column":null}},"3":{"start":{"line":18,"column":8},"end":{"line":18,"column":null}},"4":{"start":{"line":19,"column":25},"end":{"line":19,"column":null}},"5":{"start":{"line":20,"column":18},"end":{"line":20,"column":null}},"6":{"start":{"line":21,"column":36},"end":{"line":23,"column":null}},"7":{"start":{"line":25,"column":2},"end":{"line":30,"column":null}},"8":{"start":{"line":26,"column":4},"end":{"line":29,"column":null}},"9":{"start":{"line":27,"column":20},"end":{"line":27,"column":null}},"10":{"start":{"line":28,"column":6},"end":{"line":28,"column":null}},"11":{"start":{"line":32,"column":16},"end":{"line":43,"column":null}},"12":{"start":{"line":33,"column":4},"end":{"line":43,"column":null}},"13":{"start":{"line":46,"column":2},"end":{"line":51,"column":null}}},"fnMap":{"0":{"name":"(anonymous_0)","decl":{"start":{"line":14,"column":28},"end":{"line":14,"column":54}},"loc":{"start":{"line":14,"column":54},"end":{"line":52,"column":null}},"line":14},"1":{"name":"(anonymous_1)","decl":{"start":{"line":25,"column":12},"end":{"line":25,"column":18}},"loc":{"start":{"line":25,"column":18},"end":{"line":30,"column":5}},"line":25},"2":{"name":"(anonymous_2)","decl":{"start":{"line":32,"column":16},"end":{"line":32,"column":null}},"loc":{"start":{"line":33,"column":4},"end":{"line":43,"column":null}},"line":33}},"branchMap":{"0":{"loc":{"start":{"line":20,"column":18},"end":{"line":20,"column":null}},"type":"cond-expr","locations":[{"start":{"line":20,"column":40},"end":{"line":20,"column":45}},{"start":{"line":20,"column":45},"end":{"line":20,"column":null}}],"line":20},"1":{"loc":{"start":{"line":26,"column":4},"end":{"line":29,"column":null}},"type":"if","locations":[{"start":{"line":26,"column":4},"end":{"line":29,"column":null}},{"start":{},"end":{}}],"line":26}},"s":{"0":1,"1":10,"2":10,"3":10,"4":10,"5":10,"6":10,"7":10,"8":10,"9":0,"10":0,"11":10,"12":1,"13":10},"f":{"0":10,"1":10,"2":1},"b":{"0":[3,7],"1":[0,10]},"meta":{"lastBranch":2,"lastFunction":3,"lastStatement":14,"seen":{"s:14:28:52:Infinity":0,"f:14:28:14:54":0,"s:15:32:15:Infinity":1,"s:16:8:16:Infinity":2,"s:18:8:18:Infinity":3,"s:19:25:19:Infinity":4,"s:20:18:20:Infinity":5,"b:20:40:20:45:20:45:20:Infinity":0,"s:21:36:23:Infinity":6,"s:25:2:30:Infinity":7,"f:25:12:25:18":1,"b:26:4:29:Infinity:undefined:undefined:undefined:undefined":1,"s:26:4:29:Infinity":8,"s:27:20:27:Infinity":9,"s:28:6:28:Infinity":10,"s:32:16:43:Infinity":11,"f:32:16:32:Infinity":2,"s:33:4:43:Infinity":12,"s:46:2:51:Infinity":13}}}
,"/Users/remylynch/Development/vulf-system/src/views/discography/discography.tsx": {"path":"/Users/remylynch/Development/vulf-system/src/views/discography/discography.tsx","statementMap":{"0":{"start":{"line":14,"column":27},"end":{"line":259,"column":null}},"1":{"start":{"line":16,"column":52},"end":{"line":16,"column":null}},"2":{"start":{"line":18,"column":2},"end":{"line":36,"column":null}},"3":{"start":{"line":19,"column":25},"end":{"line":29,"column":null}},"4":{"start":{"line":21,"column":27},"end":{"line":21,"column":null}},"5":{"start":{"line":22,"column":29},"end":{"line":22,"column":null}},"6":{"start":{"line":24,"column":8},"end":{"line":24,"column":null}},"7":{"start":{"line":27,"column":25},"end":{"line":27,"column":null}},"8":{"start":{"line":28,"column":6},"end":{"line":28,"column":null}},"9":{"start":{"line":31,"column":4},"end":{"line":31,"column":null}},"10":{"start":{"line":33,"column":4},"end":{"line":33,"column":null}},"11":{"start":{"line":35,"column":4},"end":{"line":35,"column":null}},"12":{"start":{"line":35,"column":17},"end":{"line":35,"column":null}},"13":{"start":{"line":40,"column":66},"end":{"line":40,"column":null}},"14":{"start":{"line":41,"column":2},"end":{"line":43,"column":null}},"15":{"start":{"line":42,"column":4},"end":{"line":42,"column":null}},"16":{"start":{"line":46,"column":40},"end":{"line":46,"column":null}},"17":{"start":{"line":47,"column":22},"end":{"line":47,"column":null}},"18":{"start":{"line":48,"column":32},"end":{"line":55,"column":null}},"19":{"start":{"line":56,"column":25},"end":{"line":61,"column":null}},"20":{"start":{"line":57,"column":4},"end":{"line":59,"column":null}},"21":{"start":{"line":58,"column":6},"end":{"line":58,"column":null}},"22":{"start":{"line":60,"column":4},"end":{"line":60,"column":null}},"23":{"start":{"line":64,"column":23},"end":{"line":66,"column":null}},"24":{"start":{"line":65,"column":14},"end":{"line":65,"column":null}},"25":{"start":{"line":70,"column":31},"end":{"line":72,"column":null}},"26":{"start":{"line":71,"column":4},"end":{"line":71,"column":null}},"27":{"start":{"line":71,"column":33},"end":{"line":71,"column":56}},"28":{"start":{"line":74,"column":25},"end":{"line":76,"column":null}},"29":{"start":{"line":75,"column":4},"end":{"line":75,"column":null}},"30":{"start":{"line":75,"column":38},"end":{"line":75,"column":63}},"31":{"start":{"line":79,"column":38},"end":{"line":79,"column":null}},"32":{"start":{"line":80,"column":42},"end":{"line":84,"column":null}},"33":{"start":{"line":86,"column":23},"end":{"line":117,"column":null}},"34":{"start":{"line":87,"column":4},"end":{"line":116,"column":null}},"35":{"start":{"line":88,"column":24},"end":{"line":88,"column":null}},"36":{"start":{"line":89,"column":24},"end":{"line":89,"column":null}},"37":{"start":{"line":90,"column":6},"end":{"line":90,"column":null}},"38":{"start":{"line":91,"column":4},"end":{"line":116,"column":null}},"39":{"start":{"line":92,"column":21},"end":{"line":94,"column":null}},"40":{"start":{"line":93,"column":16},"end":{"line":93,"column":null}},"41":{"start":{"line":95,"column":21},"end":{"line":97,"column":null}},"42":{"start":{"line":96,"column":16},"end":{"line":96,"column":null}},"43":{"start":{"line":98,"column":6},"end":{"line":98,"column":null}},"44":{"start":{"line":101,"column":26},"end":{"line":107,"column":null}},"45":{"start":{"line":102,"column":24},"end":{"line":102,"column":44}},"46":{"start":{"line":104,"column":24},"end":{"line":104,"column":null}},"47":{"start":{"line":104,"column":44},"end":{"line":104,"column":64}},"48":{"start":{"line":105,"column":10},"end":{"line":105,"column":null}},"49":{"start":{"line":107,"column":24},"end":{"line":107,"column":29}},"50":{"start":{"line":108,"column":26},"end":{"line":114,"column":null}},"51":{"start":{"line":109,"column":24},"end":{"line":109,"column":44}},"52":{"start":{"line":111,"column":24},"end":{"line":111,"column":null}},"53":{"start":{"line":111,"column":44},"end":{"line":111,"column":64}},"54":{"start":{"line":112,"column":10},"end":{"line":112,"column":null}},"55":{"start":{"line":114,"column":24},"end":{"line":114,"column":29}},"56":{"start":{"line":115,"column":6},"end":{"line":115,"column":null}},"57":{"start":{"line":120,"column":57},"end":{"line":120,"column":null}},"58":{"start":{"line":121,"column":2},"end":{"line":126,"column":null}},"59":{"start":{"line":122,"column":4},"end":{"line":124,"column":null}},"60":{"start":{"line":123,"column":6},"end":{"line":123,"column":null}},"61":{"start":{"line":125,"column":4},"end":{"line":125,"column":null}},"62":{"start":{"line":128,"column":26},"end":{"line":130,"column":null}},"63":{"start":{"line":129,"column":4},"end":{"line":129,"column":null}},"64":{"start":{"line":133,"column":36},"end":{"line":133,"column":null}},"65":{"start":{"line":134,"column":23},"end":{"line":137,"column":null}},"66":{"start":{"line":139,"column":2},"end":{"line":257,"column":null}},"67":{"start":{"line":189,"column":16},"end":{"line":194,"column":null}},"68":{"start":{"line":226,"column":14},"end":{"line":252,"column":null}},"69":{"start":{"line":236,"column":18},"end":{"line":249,"column":null}}},"fnMap":{"0":{"name":"(anonymous_0)","decl":{"start":{"line":14,"column":27},"end":{"line":14,"column":33}},"loc":{"start":{"line":14,"column":33},"end":{"line":259,"column":null}},"line":14},"1":{"name":"(anonymous_1)","decl":{"start":{"line":18,"column":12},"end":{"line":18,"column":18}},"loc":{"start":{"line":18,"column":18},"end":{"line":36,"column":5}},"line":18},"2":{"name":"(anonymous_2)","decl":{"start":{"line":19,"column":25},"end":{"line":19,"column":31}},"loc":{"start":{"line":19,"column":31},"end":{"line":29,"column":null}},"line":19},"3":{"name":"(anonymous_3)","decl":{"start":{"line":35,"column":11},"end":{"line":35,"column":17}},"loc":{"start":{"line":35,"column":17},"end":{"line":35,"column":null}},"line":35},"4":{"name":"(anonymous_4)","decl":{"start":{"line":41,"column":13},"end":{"line":41,"column":14}},"loc":{"start":{"line":41,"column":24},"end":{"line":43,"column":3}},"line":41},"5":{"name":"(anonymous_5)","decl":{"start":{"line":56,"column":39},"end":{"line":56,"column":40}},"loc":{"start":{"line":56,"column":50},"end":{"line":61,"column":3}},"line":56},"6":{"name":"(anonymous_6)","decl":{"start":{"line":65,"column":4},"end":{"line":65,"column":5}},"loc":{"start":{"line":65,"column":14},"end":{"line":65,"column":null}},"line":65},"7":{"name":"(anonymous_7)","decl":{"start":{"line":70,"column":51},"end":{"line":70,"column":52}},"loc":{"start":{"line":71,"column":4},"end":{"line":71,"column":null}},"line":71},"8":{"name":"(anonymous_8)","decl":{"start":{"line":71,"column":22},"end":{"line":71,"column":23}},"loc":{"start":{"line":71,"column":33},"end":{"line":71,"column":56}},"line":71},"9":{"name":"(anonymous_9)","decl":{"start":{"line":74,"column":39},"end":{"line":74,"column":40}},"loc":{"start":{"line":75,"column":4},"end":{"line":75,"column":null}},"line":75},"10":{"name":"(anonymous_10)","decl":{"start":{"line":75,"column":30},"end":{"line":75,"column":31}},"loc":{"start":{"line":75,"column":38},"end":{"line":75,"column":63}},"line":75},"11":{"name":"(anonymous_11)","decl":{"start":{"line":86,"column":51},"end":{"line":86,"column":52}},"loc":{"start":{"line":86,"column":61},"end":{"line":117,"column":3}},"line":86},"12":{"name":"(anonymous_12)","decl":{"start":{"line":93,"column":8},"end":{"line":93,"column":9}},"loc":{"start":{"line":93,"column":16},"end":{"line":93,"column":null}},"line":93},"13":{"name":"(anonymous_13)","decl":{"start":{"line":96,"column":8},"end":{"line":96,"column":9}},"loc":{"start":{"line":96,"column":16},"end":{"line":96,"column":null}},"line":96},"14":{"name":"(anonymous_14)","decl":{"start":{"line":102,"column":16},"end":{"line":102,"column":17}},"loc":{"start":{"line":102,"column":24},"end":{"line":102,"column":44}},"line":102},"15":{"name":"(anonymous_15)","decl":{"start":{"line":103,"column":13},"end":{"line":103,"column":14}},"loc":{"start":{"line":103,"column":21},"end":{"line":106,"column":9}},"line":103},"16":{"name":"(anonymous_16)","decl":{"start":{"line":104,"column":36},"end":{"line":104,"column":37}},"loc":{"start":{"line":104,"column":44},"end":{"line":104,"column":64}},"line":104},"17":{"name":"(anonymous_17)","decl":{"start":{"line":107,"column":14},"end":{"line":107,"column":15}},"loc":{"start":{"line":107,"column":24},"end":{"line":107,"column":29}},"line":107},"18":{"name":"(anonymous_18)","decl":{"start":{"line":109,"column":16},"end":{"line":109,"column":17}},"loc":{"start":{"line":109,"column":24},"end":{"line":109,"column":44}},"line":109},"19":{"name":"(anonymous_19)","decl":{"start":{"line":110,"column":13},"end":{"line":110,"column":14}},"loc":{"start":{"line":110,"column":21},"end":{"line":113,"column":9}},"line":110},"20":{"name":"(anonymous_20)","decl":{"start":{"line":111,"column":36},"end":{"line":111,"column":37}},"loc":{"start":{"line":111,"column":44},"end":{"line":111,"column":64}},"line":111},"21":{"name":"(anonymous_21)","decl":{"start":{"line":114,"column":14},"end":{"line":114,"column":15}},"loc":{"start":{"line":114,"column":24},"end":{"line":114,"column":29}},"line":114},"22":{"name":"(anonymous_22)","decl":{"start":{"line":121,"column":23},"end":{"line":121,"column":24}},"loc":{"start":{"line":121,"column":31},"end":{"line":126,"column":3}},"line":121},"23":{"name":"(anonymous_23)","decl":{"start":{"line":128,"column":26},"end":{"line":128,"column":27}},"loc":{"start":{"line":128,"column":74},"end":{"line":130,"column":null}},"line":128},"24":{"name":"(anonymous_24)","decl":{"start":{"line":188,"column":32},"end":{"line":188,"column":33}},"loc":{"start":{"line":189,"column":16},"end":{"line":194,"column":null}},"line":189},"25":{"name":"(anonymous_25)","decl":{"start":{"line":225,"column":30},"end":{"line":225,"column":31}},"loc":{"start":{"line":226,"column":14},"end":{"line":252,"column":null}},"line":226},"26":{"name":"(anonymous_26)","decl":{"start":{"line":235,"column":34},"end":{"line":235,"column":35}},"loc":{"start":{"line":235,"column":45},"end":{"line":251,"column":17}},"line":235}},"branchMap":{"0":{"loc":{"start":{"line":24,"column":8},"end":{"line":24,"column":null}},"type":"binary-expr","locations":[{"start":{"line":24,"column":8},"end":{"line":24,"column":30}},{"start":{"line":24,"column":30},"end":{"line":24,"column":null}}],"line":24},"1":{"loc":{"start":{"line":57,"column":4},"end":{"line":59,"column":null}},"type":"if","locations":[{"start":{"line":57,"column":4},"end":{"line":59,"column":null}},{"start":{},"end":{}}],"line":57},"2":{"loc":{"start":{"line":87,"column":4},"end":{"line":116,"column":null}},"type":"if","locations":[{"start":{"line":87,"column":4},"end":{"line":116,"column":null}},{"start":{"line":91,"column":4},"end":{"line":116,"column":null}}],"line":87},"3":{"loc":{"start":{"line":91,"column":4},"end":{"line":116,"column":null}},"type":"if","locations":[{"start":{"line":91,"column":4},"end":{"line":116,"column":null}},{"start":{"line":99,"column":11},"end":{"line":116,"column":null}}],"line":91},"4":{"loc":{"start":{"line":105,"column":17},"end":{"line":105,"column":null}},"type":"cond-expr","locations":[{"start":{"line":105,"column":25},"end":{"line":105,"column":56}},{"start":{"line":105,"column":56},"end":{"line":105,"column":null}}],"line":105},"5":{"loc":{"start":{"line":112,"column":17},"end":{"line":112,"column":null}},"type":"cond-expr","locations":[{"start":{"line":112,"column":25},"end":{"line":112,"column":56}},{"start":{"line":112,"column":56},"end":{"line":112,"column":null}}],"line":112},"6":{"loc":{"start":{"line":122,"column":4},"end":{"line":124,"column":null}},"type":"if","locations":[{"start":{"line":122,"column":4},"end":{"line":124,"column":null}},{"start":{},"end":{}}],"line":122},"7":{"loc":{"start":{"line":129,"column":11},"end":{"line":129,"column":null}},"type":"binary-expr","locations":[{"start":{"line":129,"column":11},"end":{"line":129,"column":56}},{"start":{"line":129,"column":56},"end":{"line":129,"column":null}}],"line":129},"8":{"loc":{"start":{"line":166,"column":10},"end":{"line":166,"column":null}},"type":"cond-expr","locations":[{"start":{"line":166,"column":32},"end":{"line":166,"column":53}},{"start":{"line":166,"column":53},"end":{"line":166,"column":null}}],"line":166},"9":{"loc":{"start":{"line":236,"column":25},"end":{"line":249,"column":null}},"type":"cond-expr","locations":[{"start":{"line":237,"column":20},"end":{"line":242,"column":null}},{"start":{"line":244,"column":20},"end":{"line":249,"column":null}}],"line":236}},"s":{"0":1,"1":26,"2":26,"3":12,"4":12,"5":12,"6":12,"7":12,"8":12,"9":12,"10":12,"11":12,"12":12,"13":26,"14":26,"15":78,"16":26,"17":26,"18":26,"19":26,"20":78,"21":75,"22":3,"23":26,"24":51,"25":26,"26":156,"27":284,"28":26,"29":104,"30":387,"31":26,"32":26,"33":26,"34":80,"35":3,"36":3,"37":3,"38":77,"39":77,"40":457,"41":77,"42":457,"43":77,"44":0,"45":0,"46":0,"47":0,"48":0,"49":0,"50":0,"51":0,"52":0,"53":0,"54":0,"55":0,"56":0,"57":26,"58":26,"59":156,"60":104,"61":156,"62":26,"63":308,"64":26,"65":26,"66":26,"67":77,"68":104,"69":308},"f":{"0":26,"1":12,"2":12,"3":12,"4":78,"5":78,"6":51,"7":156,"8":284,"9":104,"10":387,"11":80,"12":457,"13":457,"14":0,"15":0,"16":0,"17":0,"18":0,"19":0,"20":0,"21":0,"22":156,"23":308,"24":77,"25":104,"26":308},"b":{"0":[12,12],"1":[75,3],"2":[3,77],"3":[77,0],"4":[0,0],"5":[0,0],"6":[104,52],"7":[308,0],"8":[14,12],"9":[155,153]},"meta":{"lastBranch":10,"lastFunction":27,"lastStatement":70,"seen":{"s:14:27:259:Infinity":0,"f:14:27:14:33":0,"s:16:52:16:Infinity":1,"s:18:2:36:Infinity":2,"f:18:12:18:18":1,"s:19:25:29:Infinity":3,"f:19:25:19:31":2,"s:21:27:21:Infinity":4,"s:22:29:22:Infinity":5,"s:24:8:24:Infinity":6,"b:24:8:24:30:24:30:24:Infinity":0,"s:27:25:27:Infinity":7,"s:28:6:28:Infinity":8,"s:31:4:31:Infinity":9,"s:33:4:33:Infinity":10,"s:35:4:35:Infinity":11,"f:35:11:35:17":3,"s:35:17:35:Infinity":12,"s:40:66:40:Infinity":13,"s:41:2:43:Infinity":14,"f:41:13:41:14":4,"s:42:4:42:Infinity":15,"s:46:40:46:Infinity":16,"s:47:22:47:Infinity":17,"s:48:32:55:Infinity":18,"s:56:25:61:Infinity":19,"f:56:39:56:40":5,"b:57:4:59:Infinity:undefined:undefined:undefined:undefined":1,"s:57:4:59:Infinity":20,"s:58:6:58:Infinity":21,"s:60:4:60:Infinity":22,"s:64:23:66:Infinity":23,"f:65:4:65:5":6,"s:65:14:65:Infinity":24,"s:70:31:72:Infinity":25,"f:70:51:70:52":7,"s:71:4:71:Infinity":26,"f:71:22:71:23":8,"s:71:33:71:56":27,"s:74:25:76:Infinity":28,"f:74:39:74:40":9,"s:75:4:75:Infinity":29,"f:75:30:75:31":10,"s:75:38:75:63":30,"s:79:38:79:Infinity":31,"s:80:42:84:Infinity":32,"s:86:23:117:Infinity":33,"f:86:51:86:52":11,"b:87:4:116:Infinity:91:4:116:Infinity":2,"s:87:4:116:Infinity":34,"s:88:24:88:Infinity":35,"s:89:24:89:Infinity":36,"s:90:6:90:Infinity":37,"b:91:4:116:Infinity:99:11:116:Infinity":3,"s:91:4:116:Infinity":38,"s:92:21:94:Infinity":39,"f:93:8:93:9":12,"s:93:16:93:Infinity":40,"s:95:21:97:Infinity":41,"f:96:8:96:9":13,"s:96:16:96:Infinity":42,"s:98:6:98:Infinity":43,"s:101:26:107:Infinity":44,"f:102:16:102:17":14,"s:102:24:102:44":45,"f:103:13:103:14":15,"s:104:24:104:Infinity":46,"f:104:36:104:37":16,"s:104:44:104:64":47,"s:105:10:105:Infinity":48,"b:105:25:105:56:105:56:105:Infinity":4,"f:107:14:107:15":17,"s:107:24:107:29":49,"s:108:26:114:Infinity":50,"f:109:16:109:17":18,"s:109:24:109:44":51,"f:110:13:110:14":19,"s:111:24:111:Infinity":52,"f:111:36:111:37":20,"s:111:44:111:64":53,"s:112:10:112:Infinity":54,"b:112:25:112:56:112:56:112:Infinity":5,"f:114:14:114:15":21,"s:114:24:114:29":55,"s:115:6:115:Infinity":56,"s:120:57:120:Infinity":57,"s:121:2:126:Infinity":58,"f:121:23:121:24":22,"b:122:4:124:Infinity:undefined:undefined:undefined:undefined":6,"s:122:4:124:Infinity":59,"s:123:6:123:Infinity":60,"s:125:4:125:Infinity":61,"s:128:26:130:Infinity":62,"f:128:26:128:27":23,"s:129:4:129:Infinity":63,"b:129:11:129:56:129:56:129:Infinity":7,"s:133:36:133:Infinity":64,"s:134:23:137:Infinity":65,"s:139:2:257:Infinity":66,"b:166:32:166:53:166:53:166:Infinity":8,"f:188:32:188:33":24,"s:189:16:194:Infinity":67,"f:225:30:225:31":25,"s:226:14:252:Infinity":68,"f:235:34:235:35":26,"s:236:18:249:Infinity":69,"b:237:20:242:Infinity:244:20:249:Infinity":9}}}
}
